


ARM Macro Assembler    Page 1 


    1 00000000         ;  constants
    2 00000000 00000400 
                       Stack_Size
                               EQU              0x00000400
    3 00000000         
    4 00000000         ;  stack area
    5 00000000                 AREA             STACK, NOINIT, READWRITE, ALIGN
 = 3
    6 00000000         
    7 00000000         Stack_Mem
                               SPACE            Stack_Size  ;  reserve stack me
                                                            mory
    8 00000400         __initial_sp                         ;  initial stack po
                                                            inter value
    9 00000400         
   10 00000400         ;  interrupt vector area
   11 00000400                 AREA             RESET, DATA, READONLY
   12 00000000         
   13 00000000                 EXPORT           __Vectors
   14 00000000         __Vectors                            ;  table of vectors
                                                            
   15 00000000 00000000        DCD              __initial_sp
   16 00000004 00000000        DCD              Reset_Handler
   17 00000008         __Vectors_End
   18 00000008         
   19 00000008         ;  code area
   20 00000008                 AREA             |.text|, CODE, READONLY
   21 00000000         
   22 00000000                 EXPORT           Reset_Handler
   23 00000000         Reset_Handler
                               PROC
   24 00000000 E7FE            B                main
   25 00000002                 ENDP
   26 00000002         
   27 00000002                 EXTERN           main_loop
   28 00000002         main    PROC                         ;  main progam entr
                                                            y point
   29 00000002         
   30 00000002 F7FF FFFE       BL               main_loop
   31 00000006 E7FE            B                main        ;  endless loop
   32 00000008                 ENDP
   33 00000008                 ALIGN
   34 00000008         
   35 00000008                 END
Command Line: --debug --xref --diag_suppress=9931 --cpu=Cortex-M4.fp.sp --apcs=
interwork --depend=.\main_.d -o.\main_.o -IC:\Users\Lenovo\Keil\Keil\STM32F4xx_
DFP\2.15.0\Drivers\CMSIS\Device\ST\STM32F4xx\Include --predefine="__EVAL SETA 1
" --predefine="__UVISION_VERSION SETA 534" --predefine="STM32F407xx SETA 1" --l
ist=.\main_.lst main_.s



ARM Macro Assembler    Page 1 Alphabetic symbol ordering
Relocatable symbols

STACK 00000000

Symbol: STACK
   Definitions
      At line 5 in file main_.s
   Uses
      None
Comment: STACK unused
Stack_Mem 00000000

Symbol: Stack_Mem
   Definitions
      At line 7 in file main_.s
   Uses
      None
Comment: Stack_Mem unused
__initial_sp 00000400

Symbol: __initial_sp
   Definitions
      At line 8 in file main_.s
   Uses
      At line 15 in file main_.s
Comment: __initial_sp used once
3 symbols



ARM Macro Assembler    Page 1 Alphabetic symbol ordering
Relocatable symbols

RESET 00000000

Symbol: RESET
   Definitions
      At line 11 in file main_.s
   Uses
      None
Comment: RESET unused
__Vectors 00000000

Symbol: __Vectors
   Definitions
      At line 14 in file main_.s
   Uses
      At line 13 in file main_.s
Comment: __Vectors used once
__Vectors_End 00000008

Symbol: __Vectors_End
   Definitions
      At line 17 in file main_.s
   Uses
      None
Comment: __Vectors_End unused
3 symbols



ARM Macro Assembler    Page 1 Alphabetic symbol ordering
Relocatable symbols

.text 00000000

Symbol: .text
   Definitions
      At line 20 in file main_.s
   Uses
      None
Comment: .text unused
Reset_Handler 00000000

Symbol: Reset_Handler
   Definitions
      At line 23 in file main_.s
   Uses
      At line 16 in file main_.s
      At line 22 in file main_.s

main 00000002

Symbol: main
   Definitions
      At line 28 in file main_.s
   Uses
      At line 24 in file main_.s
      At line 31 in file main_.s

3 symbols



ARM Macro Assembler    Page 1 Alphabetic symbol ordering
Absolute symbols

Stack_Size 00000400

Symbol: Stack_Size
   Definitions
      At line 2 in file main_.s
   Uses
      At line 7 in file main_.s
Comment: Stack_Size used once
1 symbol



ARM Macro Assembler    Page 1 Alphabetic symbol ordering
External symbols

main_loop 00000000

Symbol: main_loop
   Definitions
      At line 27 in file main_.s
   Uses
      At line 30 in file main_.s
Comment: main_loop used once
1 symbol
345 symbols in table
